EasyPlan/Android/app/build/intermediates/manifest_merge_blame_file/debug/manifest-merger-blame-debug-report.txt
1<?xml version="1.0" encoding="utf-8"?>
2<manifest xmlns:android="http://schemas.android.com/apk/res/android"
3    package="com.example.easyplan"
4    android:versionCode="1"
5    android:versionName="1.0" >
6
7    <uses-sdk
8        android:minSdkVersion="18"
8-->src\main\AndroidManifest.xml
9        android:targetSdkVersion="29" />
9-->src\main\AndroidManifest.xml
10
11    <uses-permission android:name="android.permission.ACCESS_NETWORK_STATE" />
11-->[com.google.firebase:firebase-database:16.0.4] AndroidManifest.xml:22:5-79
11-->[com.google.firebase:firebase-database:16.0.4] AndroidManifest.xml:22:22-76
12    <uses-permission android:name="android.permission.INTERNET" />
12-->[com.google.firebase:firebase-database:16.0.4] AndroidManifest.xml:23:5-67
12-->[com.google.firebase:firebase-database:16.0.4] AndroidManifest.xml:23:22-64
13
14    <application
14-->src\main\AndroidManifest.xml:5:5-30:19
15        android:allowBackup="true"
15-->src\main\AndroidManifest.xml:6:9-35
16        android:appComponentFactory="androidx.core.app.CoreComponentFactory"
16-->[androidx.core:core:1.0.0] AndroidManifest.xml:22:18-86
17        android:debuggable="true"
18        android:icon="@mipmap/ic_launcher"
18-->src\main\AndroidManifest.xml:7:9-43
19        android:label="@string/app_name"
19-->src\main\AndroidManifest.xml:8:9-41
20        android:roundIcon="@mipmap/ic_launcher_round"
20-->src\main\AndroidManifest.xml:9:9-54
21        android:supportsRtl="true"
21-->src\main\AndroidManifest.xml:10:9-35
22        android:theme="@style/AppTheme" >
22-->src\main\AndroidManifest.xml:11:9-40
23        <activity android:name="com.example.easyplan.Profile" />
23-->src\main\AndroidManifest.xml:12:9-45
23-->src\main\AndroidManifest.xml:12:19-42
24        <activity android:name="com.example.easyplan.Mainpage" />
24-->src\main\AndroidManifest.xml:13:9-46
24-->src\main\AndroidManifest.xml:13:19-43
25        <activity android:name="com.example.easyplan.WelcomePage" >
25-->src\main\AndroidManifest.xml:14:9-20:20
25-->src\main\AndroidManifest.xml:14:19-46
26            <intent-filter>
26-->src\main\AndroidManifest.xml:15:13-19:29
27                <action android:name="android.intent.action.MAIN" />
27-->src\main\AndroidManifest.xml:16:17-69
27-->src\main\AndroidManifest.xml:16:25-66
28
29                <category android:name="android.intent.category.LAUNCHER" />
29-->src\main\AndroidManifest.xml:18:17-77
29-->src\main\AndroidManifest.xml:18:27-74
30            </intent-filter>
31        </activity>
32        <activity
32-->src\main\AndroidManifest.xml:21:9-24:59
33            android:name="com.example.easyplan.SignUp"
33-->src\main\AndroidManifest.xml:22:13-35
34            android:label="@string/title_activity_sign_up"
34-->src\main\AndroidManifest.xml:23:13-59
35            android:theme="@style/AppTheme.NoActionBar" />
35-->src\main\AndroidManifest.xml:24:13-56
36        <activity android:name="com.example.easyplan.LoginActivity" />
36-->src\main\AndroidManifest.xml:25:9-51
36-->src\main\AndroidManifest.xml:25:19-48
37
38        <meta-data
38-->src\main\AndroidManifest.xml:27:9-29:57
39            android:name="preloaded_fonts"
39-->src\main\AndroidManifest.xml:28:13-43
40            android:resource="@array/preloaded_fonts" />
40-->src\main\AndroidManifest.xml:29:13-54
41
42        <activity
42-->[com.google.firebase:firebase-auth:16.0.5] AndroidManifest.xml:24:9-31:50
43            android:name="com.google.firebase.auth.internal.FederatedSignInActivity"
43-->[com.google.firebase:firebase-auth:16.0.5] AndroidManifest.xml:25:13-85
44            android:excludeFromRecents="true"
44-->[com.google.firebase:firebase-auth:16.0.5] AndroidManifest.xml:26:13-46
45            android:exported="true"
45-->[com.google.firebase:firebase-auth:16.0.5] AndroidManifest.xml:27:13-36
46            android:launchMode="singleTask"
46-->[com.google.firebase:firebase-auth:16.0.5] AndroidManifest.xml:28:13-44
47            android:permission="com.google.firebase.auth.api.gms.permission.LAUNCH_FEDERATED_SIGN_IN"
47-->[com.google.firebase:firebase-auth:16.0.5] AndroidManifest.xml:29:13-102
48            android:theme="@android:style/Theme.Translucent.NoTitleBar" />
48-->[com.google.firebase:firebase-auth:16.0.5] AndroidManifest.xml:30:13-72
49
50        <service
50-->[com.google.firebase:firebase-auth:16.0.5] AndroidManifest.xml:33:9-39:19
51            android:name="com.google.firebase.components.ComponentDiscoveryService"
51-->[com.google.firebase:firebase-auth:16.0.5] AndroidManifest.xml:34:13-84
52            android:exported="false" >
52-->[com.google.firebase:firebase-auth:16.0.5] AndroidManifest.xml:35:13-37
53            <meta-data
53-->[com.google.firebase:firebase-auth:16.0.5] AndroidManifest.xml:36:13-38:85
54                android:name="com.google.firebase.components:com.google.firebase.auth.FirebaseAuthRegistrar"
54-->[com.google.firebase:firebase-auth:16.0.5] AndroidManifest.xml:37:17-109
55                android:value="com.google.firebase.components.ComponentRegistrar" />
55-->[com.google.firebase:firebase-auth:16.0.5] AndroidManifest.xml:38:17-82
56        </service>
57
58        <provider
58-->[androidx.lifecycle:lifecycle-process:2.0.0] AndroidManifest.xml:23:9-27:43
59            android:name="androidx.lifecycle.ProcessLifecycleOwnerInitializer"
59-->[androidx.lifecycle:lifecycle-process:2.0.0] AndroidManifest.xml:24:13-79
60            android:authorities="com.example.easyplan.lifecycle-process"
60-->[androidx.lifecycle:lifecycle-process:2.0.0] AndroidManifest.xml:25:13-69
61            android:exported="false"
61-->[androidx.lifecycle:lifecycle-process:2.0.0] AndroidManifest.xml:26:13-37
62            android:multiprocess="true" />
62-->[androidx.lifecycle:lifecycle-process:2.0.0] AndroidManifest.xml:27:13-40
63
64        <activity
64-->[com.google.android.gms:play-services-base:16.0.1] AndroidManifest.xml:23:9-26:75
65            android:name="com.google.android.gms.common.api.GoogleApiActivity"
65-->[com.google.android.gms:play-services-base:16.0.1] AndroidManifest.xml:24:13-79
66            android:exported="false"
66-->[com.google.android.gms:play-services-base:16.0.1] AndroidManifest.xml:25:13-37
67            android:theme="@android:style/Theme.Translucent.NoTitleBar" />
67-->[com.google.android.gms:play-services-base:16.0.1] AndroidManifest.xml:26:13-72
68
69        <provider
69-->[com.google.firebase:firebase-common:16.0.3] AndroidManifest.xml:10:9-14:39
70            android:name="com.google.firebase.provider.FirebaseInitProvider"
70-->[com.google.firebase:firebase-common:16.0.3] AndroidManifest.xml:11:13-77
71            android:authorities="com.example.easyplan.firebaseinitprovider"
71-->[com.google.firebase:firebase-common:16.0.3] AndroidManifest.xml:12:13-72
72            android:exported="false"
72-->[com.google.firebase:firebase-common:16.0.3] AndroidManifest.xml:13:13-37
73            android:initOrder="100" />
73-->[com.google.firebase:firebase-common:16.0.3] AndroidManifest.xml:14:13-36
74
75        <meta-data
75-->[com.google.android.gms:play-services-basement:16.1.0] AndroidManifest.xml:23:9-25:69
76            android:name="com.google.android.gms.version"
76-->[com.google.android.gms:play-services-basement:16.1.0] AndroidManifest.xml:24:13-58
77            android:value="@integer/google_play_services_version" />
77-->[com.google.android.gms:play-services-basement:16.1.0] AndroidManifest.xml:25:13-66
78        <meta-data
78-->[com.android.support:support-v4:26.1.0] AndroidManifest.xml:26:9-28:38
79            android:name="android.support.VERSION"
79-->[com.android.support:support-v4:26.1.0] AndroidManifest.xml:27:13-51
80            android:value="26.1.0" />
80-->[com.android.support:support-v4:26.1.0] AndroidManifest.xml:28:13-35
81        <meta-data
81-->[android.arch.lifecycle:runtime:1.0.0] AndroidManifest.xml:25:9-27:47
82            android:name="android.arch.lifecycle.VERSION"
82-->[android.arch.lifecycle:runtime:1.0.0] AndroidManifest.xml:26:13-58
83            android:value="27.0.0-SNAPSHOT" />
83-->[android.arch.lifecycle:runtime:1.0.0] AndroidManifest.xml:27:13-44
84    </application>
85
86</manifest>